2025.08.17 19:49:25 INFO  no build target found for /Users/adityakulthe/Downloads/sh/src/main/scala/org/planx/sh/parsing/hddl/HDDLLexer.scala. Using presentation compiler with project's scala-library version: 3.3.6
Aug 17, 2025 7:49:26 PM org.eclipse.lsp4j.jsonrpc.RemoteEndpoint handleCancellation
WARNING: Unmatched cancel notification for request id 1
Aug 17, 2025 7:49:26 PM org.eclipse.lsp4j.jsonrpc.RemoteEndpoint handleCancellation
WARNING: Unmatched cancel notification for request id 2
2025.08.17 19:49:26 INFO  no build target found for /Users/adityakulthe/Downloads/sh/src/main/scala/org/planx/sh/parsing/hddl/HDDLLexer.scala. Using presentation compiler with project's scala-library version: 3.3.6
2025.08.17 19:49:28 INFO  Running List(/Users/adityakulthe/Library/Application Support/Coursier/bin/scala-cli, setup-ide, /Users/adityakulthe/Downloads/sh/src/main/scala/org/planx/sh/parsing)
2025.08.17 19:49:28 INFO  Attempting to connect to the build server...
2025.08.17 19:49:28 INFO  Running BSP server List(/Users/adityakulthe/Library/Application Support/Coursier/bin/.scala-cli.aux, bsp, --json-options, /Users/adityakulthe/Downloads/sh/src/main/scala/org/planx/sh/parsing/.scala-build/ide-options-v2.json, --json-launcher-options, /Users/adityakulthe/Downloads/sh/src/main/scala/org/planx/sh/parsing/.scala-build/ide-launcher-options.json, --envs-file, /Users/adityakulthe/Downloads/sh/src/main/scala/org/planx/sh/parsing/.scala-build/ide-envs.json, /Users/adityakulthe/Downloads/sh/src/main/scala/org/planx/sh/parsing)
2025.08.17 19:49:28 INFO  tracing is disabled for protocol BSP, to enable tracing of incoming and outgoing JSON messages create an empty file at /Users/adityakulthe/Downloads/sh/src/main/scala/org/planx/sh/parsing/.metals/bsp.trace.json or /Users/adityakulthe/Library/Caches/org.scalameta.metals/bsp.trace.json
2025.08.17 19:49:28 INFO  BSP server: Starting compilation server
2025.08.17 19:49:29 INFO  time: Connected to build server in 1.43s
2025.08.17 19:49:29 INFO  Connected to Build server: scala-cli v1.5.4
2025.08.17 19:49:29 INFO  compiling parsing_d5c0a6989e (10 scala sources)
2025.08.17 19:49:30 INFO  time: indexed workspace in 1.78s
2025.08.17 19:49:33 INFO  time: compiled parsing_d5c0a6989e in 3.28s
2025.08.17 19:49:33 INFO  compiling parsing_d5c0a6989e (10 scala sources)
2025.08.17 19:49:34 INFO  time: compiled parsing_d5c0a6989e in 1.24s
2025.08.17 19:49:34 INFO  compiling parsing_d5c0a6989e (10 scala sources)
2025.08.17 19:49:35 INFO  time: compiled parsing_d5c0a6989e in 1.2s
2025.08.17 23:42:54 INFO  Shutting down server
2025.08.17 23:42:54 INFO  shutting down Metals
2025.08.17 23:42:54 INFO  Shut down connection with build server.
2025.08.17 23:42:54 INFO  Exiting server
2025.09.01 00:26:39 INFO  Started: Metals version 1.6.2 in folders '/Users/adityakulthe/Downloads/sh/src/main/scala/org/planx/sh/parsing' for client Visual Studio Code 1.103.1.
2025.09.01 00:26:39 INFO  Attempting to connect to the build server...
2025.09.01 00:26:39 INFO  Running BSP server List(/Users/adityakulthe/Library/Application Support/Coursier/bin/.scala-cli.aux, bsp, --json-options, /Users/adityakulthe/Downloads/sh/src/main/scala/org/planx/sh/parsing/.scala-build/ide-options-v2.json, --json-launcher-options, /Users/adityakulthe/Downloads/sh/src/main/scala/org/planx/sh/parsing/.scala-build/ide-launcher-options.json, --envs-file, /Users/adityakulthe/Downloads/sh/src/main/scala/org/planx/sh/parsing/.scala-build/ide-envs.json, /Users/adityakulthe/Downloads/sh/src/main/scala/org/planx/sh/parsing)
2025.09.01 00:26:39 INFO  tracing is disabled for protocol BSP, to enable tracing of incoming and outgoing JSON messages create an empty file at /Users/adityakulthe/Downloads/sh/src/main/scala/org/planx/sh/parsing/.metals/bsp.trace.json or /Users/adityakulthe/Library/Caches/org.scalameta.metals/bsp.trace.json
2025.09.01 00:26:41 INFO  BSP server: Starting compilation server
2025.09.01 00:26:42 INFO  time: Connected to build server in 3.16s
2025.09.01 00:26:42 INFO  Connected to Build server: scala-cli v1.5.4
2025.09.01 00:26:43 INFO  compiling parsing_d5c0a6989e (10 scala sources)
2025.09.01 00:26:44 INFO  time: indexed workspace in 2.29s
2025.09.01 00:26:47 INFO  time: compiled parsing_d5c0a6989e in 4.09s
2025.09.01 00:26:47 INFO  compiling parsing_d5c0a6989e (10 scala sources)
2025.09.01 00:26:48 INFO  time: compiled parsing_d5c0a6989e in 1.58s
2025.09.01 00:26:48 INFO  compiling parsing_d5c0a6989e (10 scala sources)
2025.09.01 00:26:50 INFO  time: compiled parsing_d5c0a6989e in 1.4s
2025.09.01 00:26:57 INFO  Shutting down server
2025.09.01 00:26:57 INFO  shutting down Metals
2025.09.01 00:26:57 INFO  Shut down connection with build server.
2025.09.01 00:26:57 INFO  Exiting server
